<?xml version="1.0" encoding="UTF-8"?>
<testng-results ignored="0" total="1" passed="1" failed="0" skipped="0">
  <reporter-output>
  </reporter-output>
  <suite started-at="2024-07-05T14:30:07 IST" name="Suite" finished-at="2024-07-05T14:32:48 IST" duration-ms="161791">
    <groups>
    </groups>
    <test started-at="2024-07-05T14:30:07 IST" name="Test" finished-at="2024-07-05T14:32:48 IST" duration-ms="161791">
      <class name="stepdefin.FileUploadSteps">
        <test-method is-config="true" signature="setup()[pri:0, instance:stepdefin.FileUploadSteps@6cf0e0ba]" started-at="2024-07-05T14:30:07 IST" name="setup" finished-at="2024-07-05T14:31:54 IST" duration-ms="107246" status="PASS">
          <reporter-output>
          </reporter-output>
        </test-method> <!-- setup -->
        <test-method signature="fileUploadTest()[pri:0, instance:stepdefin.FileUploadSteps@6cf0e0ba]" started-at="2024-07-05T14:31:54 IST" name="fileUploadTest" finished-at="2024-07-05T14:32:48 IST" duration-ms="53993" status="PASS">
          <reporter-output>
          </reporter-output>
        </test-method> <!-- fileUploadTest -->
      </class> <!-- stepdefin.FileUploadSteps -->
    </test> <!-- Test -->
  </suite> <!-- Suite -->
</testng-results>
